[0.006s] Invoking command in '/home/kyle/RM/tracker/traker/test_ws/build/rm_serial_driver': CMAKE_PREFIX_PATH=/home/kyle/RM/tracker/traker/test_ws/install/auto_aim_interfaces:/home/kyle/RM/tracker/traker/test_ws/install/rm_vision_bringup:/home/kyle/RM/tracker/traker/test_ws/install/rm_serial_driver:/home/kyle/RM/tracker/traker/test_ws/install/rm_gimbal_description:/home/kyle/RM/tracker/traker/test_ws/install/rm_auto_aim:/home/kyle/RM/tracker/traker/test_ws/install/hik_camera:/home/kyle/RM/tracker/traker/test_ws/install/armor_tracker:/home/kyle/RM/tracker/traker/test_ws/install/armor_executor:/home/kyle/RM/tracker/traker/test_ws/install/armor_detector:/opt/ros/humble LD_LIBRARY_PATH=/home/kyle/RM/tracker/traker/test_ws/install/auto_aim_interfaces/lib:/home/kyle/RM/tracker/traker/test_ws/install/rm_serial_driver/lib:/home/kyle/RM/tracker/traker/test_ws/install/hik_camera/lib:/home/kyle/RM/tracker/traker/test_ws/install/armor_tracker/lib:/home/kyle/RM/tracker/traker/test_ws/install/armor_executor/lib:/home/kyle/RM/tracker/traker/test_ws/install/armor_detector/lib:/opt/ros/humble/opt/rviz_ogre_vendor/lib:/opt/ros/humble/lib/x86_64-linux-gnu:/opt/ros/humble/lib:/usr/local/lib /usr/bin/cmake /home/kyle/RM/tracker/traker/test_ws/src/rm_serial_driver -DAMENT_CMAKE_SYMLINK_INSTALL=1 -DCMAKE_INSTALL_PREFIX=/home/kyle/RM/tracker/traker/test_ws/install/rm_serial_driver
[0.035s] -- The C compiler identification is GNU 11.4.0
[0.075s] -- The CXX compiler identification is GNU 11.4.0
[0.080s] -- Detecting C compiler ABI info
[0.125s] -- Detecting C compiler ABI info - done
[0.130s] -- Check for working C compiler: /usr/bin/cc - skipped
[0.130s] -- Detecting C compile features
[0.130s] -- Detecting C compile features - done
[0.132s] -- Detecting CXX compiler ABI info
[0.186s] -- Detecting CXX compiler ABI info - done
[0.193s] -- Check for working CXX compiler: /usr/bin/c++ - skipped
[0.193s] -- Detecting CXX compile features
[0.193s] -- Detecting CXX compile features - done
[0.195s] -- Found ament_cmake_auto: 1.3.11 (/opt/ros/humble/share/ament_cmake_auto/cmake)
[0.290s] -- Found Python3: /usr/bin/python3 (found version "3.10.12") found components: Interpreter 
[0.325s] -- Override CMake install command with custom implementation using symlinks instead of copying resources
[0.396s] -- Found rosidl_generator_c: 3.1.6 (/opt/ros/humble/share/rosidl_generator_c/cmake)
[0.399s] -- Found rosidl_adapter: 3.1.6 (/opt/ros/humble/share/rosidl_adapter/cmake)
[0.403s] -- Found rosidl_generator_cpp: 3.1.6 (/opt/ros/humble/share/rosidl_generator_cpp/cmake)
[0.409s] -- Using all available rosidl_typesupport_c: rosidl_typesupport_fastrtps_c;rosidl_typesupport_introspection_c
[0.418s] -- Using all available rosidl_typesupport_cpp: rosidl_typesupport_fastrtps_cpp;rosidl_typesupport_introspection_cpp
[0.441s] -- Found rmw_implementation_cmake: 6.1.2 (/opt/ros/humble/share/rmw_implementation_cmake/cmake)
[0.442s] -- Found rmw_fastrtps_cpp: 6.2.7 (/opt/ros/humble/share/rmw_fastrtps_cpp/cmake)
[0.499s] -- Found OpenSSL: /usr/lib/x86_64-linux-gnu/libcrypto.so (found version "3.0.2")  
[0.520s] -- Found FastRTPS: /opt/ros/humble/include  
[0.543s] -- Using RMW implementation 'rmw_fastrtps_cpp' as default
[0.546s] -- Looking for pthread.h
[0.593s] -- Looking for pthread.h - found
[0.593s] -- Performing Test CMAKE_HAVE_LIBC_PTHREAD
[0.642s] -- Performing Test CMAKE_HAVE_LIBC_PTHREAD - Success
[0.642s] -- Found Threads: TRUE  
[0.697s] -- Found asio_cmake_module: 1.2.0 (/opt/ros/humble/share/asio_cmake_module/cmake)
[0.698s] -- Found ASIO: /usr/include  
[0.761s] -- Found ament_lint_auto: 0.12.11 (/opt/ros/humble/share/ament_lint_auto/cmake)
[0.773s] -- Added test 'cppcheck' to perform static code analysis on C / C++ code
[0.773s] -- Configured cppcheck include dirs: /home/kyle/RM/tracker/traker/test_ws/src/rm_serial_driver/include
[0.773s] -- Configured cppcheck exclude dirs and/or files: 
[0.774s] -- Added test 'cpplint' to check C / C++ code against the Google style
[0.774s] -- Configured cpplint exclude dirs and/or files: 
[0.774s] -- Added test 'flake8' to check Python code syntax and style conventions
[0.774s] -- Added test 'lint_cmake' to check CMake code style
[0.775s] -- Added test 'pep257' to check Python code against some of the docstring style conventions in PEP 257
[0.775s] -- Added test 'xmllint' to check XML markup files
[0.776s] -- Added test 'clang_format' to check C / C++ code style
[0.777s] -- Configuring done
[0.788s] -- Generating done
[0.791s] -- Build files have been written to: /home/kyle/RM/tracker/traker/test_ws/build/rm_serial_driver
[0.797s] Invoked command in '/home/kyle/RM/tracker/traker/test_ws/build/rm_serial_driver' returned '0': CMAKE_PREFIX_PATH=/home/kyle/RM/tracker/traker/test_ws/install/auto_aim_interfaces:/home/kyle/RM/tracker/traker/test_ws/install/rm_vision_bringup:/home/kyle/RM/tracker/traker/test_ws/install/rm_serial_driver:/home/kyle/RM/tracker/traker/test_ws/install/rm_gimbal_description:/home/kyle/RM/tracker/traker/test_ws/install/rm_auto_aim:/home/kyle/RM/tracker/traker/test_ws/install/hik_camera:/home/kyle/RM/tracker/traker/test_ws/install/armor_tracker:/home/kyle/RM/tracker/traker/test_ws/install/armor_executor:/home/kyle/RM/tracker/traker/test_ws/install/armor_detector:/opt/ros/humble LD_LIBRARY_PATH=/home/kyle/RM/tracker/traker/test_ws/install/auto_aim_interfaces/lib:/home/kyle/RM/tracker/traker/test_ws/install/rm_serial_driver/lib:/home/kyle/RM/tracker/traker/test_ws/install/hik_camera/lib:/home/kyle/RM/tracker/traker/test_ws/install/armor_tracker/lib:/home/kyle/RM/tracker/traker/test_ws/install/armor_executor/lib:/home/kyle/RM/tracker/traker/test_ws/install/armor_detector/lib:/opt/ros/humble/opt/rviz_ogre_vendor/lib:/opt/ros/humble/lib/x86_64-linux-gnu:/opt/ros/humble/lib:/usr/local/lib /usr/bin/cmake /home/kyle/RM/tracker/traker/test_ws/src/rm_serial_driver -DAMENT_CMAKE_SYMLINK_INSTALL=1 -DCMAKE_INSTALL_PREFIX=/home/kyle/RM/tracker/traker/test_ws/install/rm_serial_driver
[0.798s] Invoking command in '/home/kyle/RM/tracker/traker/test_ws/build/rm_serial_driver': CMAKE_PREFIX_PATH=/home/kyle/RM/tracker/traker/test_ws/install/auto_aim_interfaces:/home/kyle/RM/tracker/traker/test_ws/install/rm_vision_bringup:/home/kyle/RM/tracker/traker/test_ws/install/rm_serial_driver:/home/kyle/RM/tracker/traker/test_ws/install/rm_gimbal_description:/home/kyle/RM/tracker/traker/test_ws/install/rm_auto_aim:/home/kyle/RM/tracker/traker/test_ws/install/hik_camera:/home/kyle/RM/tracker/traker/test_ws/install/armor_tracker:/home/kyle/RM/tracker/traker/test_ws/install/armor_executor:/home/kyle/RM/tracker/traker/test_ws/install/armor_detector:/opt/ros/humble LD_LIBRARY_PATH=/home/kyle/RM/tracker/traker/test_ws/install/auto_aim_interfaces/lib:/home/kyle/RM/tracker/traker/test_ws/install/rm_serial_driver/lib:/home/kyle/RM/tracker/traker/test_ws/install/hik_camera/lib:/home/kyle/RM/tracker/traker/test_ws/install/armor_tracker/lib:/home/kyle/RM/tracker/traker/test_ws/install/armor_executor/lib:/home/kyle/RM/tracker/traker/test_ws/install/armor_detector/lib:/opt/ros/humble/opt/rviz_ogre_vendor/lib:/opt/ros/humble/lib/x86_64-linux-gnu:/opt/ros/humble/lib:/usr/local/lib /usr/bin/cmake --build /home/kyle/RM/tracker/traker/test_ws/build/rm_serial_driver -- -j32 -l32
[0.832s] [ 20%] [32mBuilding CXX object CMakeFiles/rm_serial_driver.dir/src/rm_serial_driver.cpp.o[0m
[0.832s] [ 40%] [32mBuilding CXX object CMakeFiles/rm_serial_driver.dir/src/crc.cpp.o[0m
[0.834s] [ 60%] [32mBuilding CXX object CMakeFiles/rm_serial_driver_node.dir/rclcpp_components/node_main_rm_serial_driver_node.cpp.o[0m
[2.964s] [ 80%] [32m[1mLinking CXX executable rm_serial_driver_node[0m
[3.059s] [ 80%] Built target rm_serial_driver_node
[3.171s] [01m[K/home/kyle/RM/tracker/traker/test_ws/src/rm_serial_driver/src/rm_serial_driver.cpp:[m[K In member function â€˜[01m[Kvoid rm_serial_driver::RMSerialDriver::receiveData()[m[Kâ€™:
[3.171s] [01m[K/home/kyle/RM/tracker/traker/test_ws/src/rm_serial_driver/src/rm_serial_driver.cpp:158:46:[m[K [01;31m[Kerror: [m[Kâ€˜[01m[Kstruct rm_serial_driver::ReceivePacket[m[Kâ€™ has no member named â€˜[01m[Kcurrent_v[m[Kâ€™
[3.171s]   158 |           current_velocity.velocity = packet.[01;31m[Kcurrent_v[m[K;
[3.171s]       |                                              [01;31m[K^~~~~~~~~[m[K
[3.184s] [01m[K/home/kyle/RM/tracker/traker/test_ws/src/rm_serial_driver/src/rm_serial_driver.cpp:[m[K In member function â€˜[01m[Kvoid rm_serial_driver::RMSerialDriver::sendData(auto_aim_interfaces::msg::Send_<std::allocator<void> >::SharedPtr)[m[Kâ€™:
[3.184s] [01m[K/home/kyle/RM/tracker/traker/test_ws/src/rm_serial_driver/src/rm_serial_driver.cpp:190:12:[m[K [01;31m[Kerror: [m[Kâ€˜[01m[Kstruct rm_serial_driver::SendPacket[m[Kâ€™ has no member named â€˜[01m[Kis_fire[m[Kâ€™
[3.184s]   190 |     packet.[01;31m[Kis_fire[m[K = msg->is_fire;
[3.184s]       |            [01;31m[K^~~~~~~[m[K
[3.184s] [01m[K/home/kyle/RM/tracker/traker/test_ws/src/rm_serial_driver/src/rm_serial_driver.cpp:196:12:[m[K [01;31m[Kerror: [m[Kâ€˜[01m[Kstruct rm_serial_driver::SendPacket[m[Kâ€™ has no member named â€˜[01m[Kpitch[m[Kâ€™
[3.184s]   196 |     packet.[01;31m[Kpitch[m[K = msg->pitch;
[3.184s]       |            [01;31m[K^~~~~[m[K
[3.184s] [01m[K/home/kyle/RM/tracker/traker/test_ws/src/rm_serial_driver/src/rm_serial_driver.cpp:204:38:[m[K [01;31m[Kerror: [m[Kâ€˜[01m[Kstruct rm_serial_driver::SendPacket[m[Kâ€™ has no member named â€˜[01m[Kpitch[m[Kâ€™
[3.184s]   204 |     std::cout << "pitch: " << packet.[01;31m[Kpitch[m[K << "yaw: " << packet.yaw << std::endl;
[3.184s]       |                                      [01;31m[K^~~~~[m[K
[3.185s] In file included from [01m[K/opt/ros/humble/include/rclcpp/rclcpp/logging.hpp:24[m[K,
[3.185s]                  from [01m[K/opt/ros/humble/include/rclcpp/rclcpp/experimental/subscription_intra_process_base.hpp:27[m[K,
[3.185s]                  from [01m[K/opt/ros/humble/include/rclcpp/rclcpp/experimental/ros_message_intra_process_buffer.hpp:25[m[K,
[3.185s]                  from [01m[K/opt/ros/humble/include/rclcpp/rclcpp/experimental/intra_process_manager.hpp:31[m[K,
[3.185s]                  from [01m[K/opt/ros/humble/include/rclcpp/rclcpp/publisher.hpp:35[m[K,
[3.185s]                  from [01m[K/home/kyle/RM/tracker/traker/test_ws/src/rm_serial_driver/include/rm_serial_driver/rm_serial_driver.hpp:4[m[K,
[3.185s]                  from [01m[K/home/kyle/RM/tracker/traker/test_ws/src/rm_serial_driver/src/rm_serial_driver.cpp:4[m[K:
[3.185s] [01m[K/home/kyle/RM/tracker/traker/test_ws/src/rm_serial_driver/src/rm_serial_driver.cpp:210:58:[m[K [01;31m[Kerror: [m[Kâ€˜[01m[Kstruct rm_serial_driver::SendPacket[m[Kâ€™ has no member named â€˜[01m[Kpitch[m[Kâ€™
[3.185s]   210 |     RCLCPP_INFO(get_logger(), "[Send] pitch %f!", packet.[01;31m[Kpitch[m[K);
[3.185s]       |                                                          [01;31m[K^~~~~[m[K
[5.088s] gmake[2]: *** [CMakeFiles/rm_serial_driver.dir/build.make:76ï¼šCMakeFiles/rm_serial_driver.dir/src/rm_serial_driver.cpp.o] é”™è¯¯ 1
[5.088s] gmake[1]: *** [CMakeFiles/Makefile2:139ï¼šCMakeFiles/rm_serial_driver.dir/all] é”™è¯¯ 2
[5.088s] gmake: *** [Makefile:146ï¼šall] é”™è¯¯ 2
[5.090s] Invoked command in '/home/kyle/RM/tracker/traker/test_ws/build/rm_serial_driver' returned '2': CMAKE_PREFIX_PATH=/home/kyle/RM/tracker/traker/test_ws/install/auto_aim_interfaces:/home/kyle/RM/tracker/traker/test_ws/install/rm_vision_bringup:/home/kyle/RM/tracker/traker/test_ws/install/rm_serial_driver:/home/kyle/RM/tracker/traker/test_ws/install/rm_gimbal_description:/home/kyle/RM/tracker/traker/test_ws/install/rm_auto_aim:/home/kyle/RM/tracker/traker/test_ws/install/hik_camera:/home/kyle/RM/tracker/traker/test_ws/install/armor_tracker:/home/kyle/RM/tracker/traker/test_ws/install/armor_executor:/home/kyle/RM/tracker/traker/test_ws/install/armor_detector:/opt/ros/humble LD_LIBRARY_PATH=/home/kyle/RM/tracker/traker/test_ws/install/auto_aim_interfaces/lib:/home/kyle/RM/tracker/traker/test_ws/install/rm_serial_driver/lib:/home/kyle/RM/tracker/traker/test_ws/install/hik_camera/lib:/home/kyle/RM/tracker/traker/test_ws/install/armor_tracker/lib:/home/kyle/RM/tracker/traker/test_ws/install/armor_executor/lib:/home/kyle/RM/tracker/traker/test_ws/install/armor_detector/lib:/opt/ros/humble/opt/rviz_ogre_vendor/lib:/opt/ros/humble/lib/x86_64-linux-gnu:/opt/ros/humble/lib:/usr/local/lib /usr/bin/cmake --build /home/kyle/RM/tracker/traker/test_ws/build/rm_serial_driver -- -j32 -l32
